-------------------------------------------------------------------------------
Test set: com.Proyect.Vircade.repository.VehiculoRepositoryTest
-------------------------------------------------------------------------------
Tests run: 1, Failures: 0, Errors: 1, Skipped: 0, Time elapsed: 9.235 s <<< FAILURE! -- in com.Proyect.Vircade.repository.VehiculoRepositoryTest
com.Proyect.Vircade.repository.VehiculoRepositoryTest.findByMarcaVehiculoContainingIgnoreCaseOrModeloVehiculoContainingIgnoreCase -- Time elapsed: 0.670 s <<< ERROR!
jakarta.persistence.EntityExistsException: detached entity passed to persist: com.Proyect.Vircade.modelo.Vehiculo
	at org.hibernate.internal.ExceptionConverterImpl.convert(ExceptionConverterImpl.java:126)
	at org.hibernate.internal.ExceptionConverterImpl.convert(ExceptionConverterImpl.java:167)
	at org.hibernate.internal.ExceptionConverterImpl.convert(ExceptionConverterImpl.java:173)
	at org.hibernate.internal.SessionImpl.firePersist(SessionImpl.java:767)
	at org.hibernate.internal.SessionImpl.persist(SessionImpl.java:745)
	at org.springframework.boot.test.autoconfigure.orm.jpa.TestEntityManager.persist(TestEntityManager.java:92)
	at com.Proyect.Vircade.repository.VehiculoRepositoryTest.setUp(VehiculoRepositoryTest.java:39)
	at java.base/java.lang.reflect.Method.invoke(Method.java:577)
	at java.base/java.util.ArrayList.forEach(ArrayList.java:1511)
	at java.base/java.util.ArrayList.forEach(ArrayList.java:1511)
Caused by: org.hibernate.PersistentObjectException: detached entity passed to persist: com.Proyect.Vircade.modelo.Vehiculo
	at org.hibernate.event.internal.DefaultPersistEventListener.persist(DefaultPersistEventListener.java:90)
	at org.hibernate.event.internal.DefaultPersistEventListener.onPersist(DefaultPersistEventListener.java:79)
	at org.hibernate.event.internal.DefaultPersistEventListener.onPersist(DefaultPersistEventListener.java:55)
	at org.hibernate.event.service.internal.EventListenerGroupImpl.fireEventOnEachListener(EventListenerGroupImpl.java:127)
	at org.hibernate.internal.SessionImpl.firePersist(SessionImpl.java:761)
	... 6 more

