<?xml version="1.0" encoding="UTF-8"?>
<testsuite xmlns:xsi="http://www.w3.org/2001/XMLSchema-instance" xsi:noNamespaceSchemaLocation="https://maven.apache.org/surefire/maven-surefire-plugin/xsd/surefire-test-report.xsd" version="3.0.2" name="com.Proyect.Vircade.repository.VehiculoRepositoryTest" time="9.235" tests="1" errors="1" skipped="0" failures="0">
  <properties>
[...]
</properties>
  <testcase name="findByMarcaVehiculoContainingIgnoreCaseOrModeloVehiculoContainingIgnoreCase" classname="com.Proyect.Vircade.repository.VehiculoRepositoryTest" time="0.67">
    <error message="detached entity passed to persist: com.Proyect.Vircade.modelo.Vehiculo" type="jakarta.persistence.EntityExistsException"><![CDATA[jakarta.persistence.EntityExistsException: detached entity passed to persist: com.Proyect.Vircade.modelo.Vehiculo
	at org.hibernate.internal.ExceptionConverterImpl.convert(ExceptionConverterImpl.java:126)
	at org.hibernate.internal.ExceptionConverterImpl.convert(ExceptionConverterImpl.java:167)
	at org.hibernate.internal.ExceptionConverterImpl.convert(ExceptionConverterImpl.java:173)
	at org.hibernate.internal.SessionImpl.firePersist(SessionImpl.java:767)
	at org.hibernate.internal.SessionImpl.persist(SessionImpl.java:745)
	at org.springframework.boot.test.autoconfigure.orm.jpa.TestEntityManager.persist(TestEntityManager.java:92)
	at com.Proyect.Vircade.repository.VehiculoRepositoryTest.setUp(VehiculoRepositoryTest.java:39)
	at java.base/java.lang.reflect.Method.invoke(Method.java:577)
	at java.base/java.util.ArrayList.forEach(ArrayList.java:1511)
	at java.base/java.util.ArrayList.forEach(ArrayList.java:1511)
Caused by: org.hibernate.PersistentObjectException: detached entity passed to persist: com.Proyect.Vircade.modelo.Vehiculo
	at org.hibernate.event.internal.DefaultPersistEventListener.persist(DefaultPersistEventListener.java:90)
	at org.hibernate.event.internal.DefaultPersistEventListener.onPersist(DefaultPersistEventListener.java:79)
	at org.hibernate.event.internal.DefaultPersistEventListener.onPersist(DefaultPersistEventListener.java:55)
	at org.hibernate.event.service.internal.EventListenerGroupImpl.fireEventOnEachListener(EventListenerGroupImpl.java:127)
	at org.hibernate.internal.SessionImpl.firePersist(SessionImpl.java:761)
	... 6 more
]]></error>
    <system-out><![CDATA[18:39:19.141 [main] INFO org.springframework.test.context.support.AnnotationConfigContextLoaderUtils -- Could not detect default configuration classes for test class [com.Proyect.Vircade.repository.VehiculoRepositoryTest]: VehiculoRepositoryTest does not declare any static, non-private, non-final, nested classes annotated with @Configuration.
18:39:19.500 [main] INFO org.springframework.boot.test.context.SpringBootTestContextBootstrapper -- Found @SpringBootConfiguration com.Proyect.Vircade.VircadeApplication for test class com.Proyect.Vircade.repository.VehiculoRepositoryTest
18:39:19.720 [main] INFO org.springframework.boot.devtools.restart.RestartApplicationListener -- Restart disabled due to context in which it is running
\\      //                               ||`           .|'''|
 \\    //   ''                           ||            ||                      ''
  \\  //    ||  '||''| .|'',  '''|.  .|''||  .|''|,    `|'''|, '||''|, '||''|  ||  `||''|,  .|''|,
   \\//     ||   ||    ||    .|''||  ||  ||  ||..||     .   ||  ||  ||  ||     ||   ||  ||  ||  ||
    \/     .||. .||.   `|..' `|..||. `|..||. `|...      |...|'  ||..|' .||.   .||. .||  ||. `|..||
                                                                ||                              ||
                                                               .||                           `..|'
2025-03-09T18:39:20.469-05:00  INFO 30420 --- [app_vircade] [           main] c.P.V.repository.VehiculoRepositoryTest  : Starting VehiculoRepositoryTest using Java 18.0.2.1 with PID 30420 (started by USER in C:\Users\USER\Desktop\vircadespring\VircadeSpBot)
2025-03-09T18:39:20.471-05:00  INFO 30420 --- [app_vircade] [           main] c.P.V.repository.VehiculoRepositoryTest  : No active profile set, falling back to 1 default profile: "default"
2025-03-09T18:39:21.387-05:00  INFO 30420 --- [app_vircade] [           main] .s.d.r.c.RepositoryConfigurationDelegate : Bootstrapping Spring Data JPA repositories in DEFAULT mode.
2025-03-09T18:39:21.596-05:00  INFO 30420 --- [app_vircade] [           main] .s.d.r.c.RepositoryConfigurationDelegate : Finished Spring Data repository scanning in 154 ms. Found 9 JPA repository interfaces.
2025-03-09T18:39:21.754-05:00  INFO 30420 --- [app_vircade] [           main] beddedDataSourceBeanFactoryPostProcessor : Replacing 'dataSource' DataSource bean with embedded version
2025-03-09T18:39:22.204-05:00  INFO 30420 --- [app_vircade] [           main] o.s.j.d.e.EmbeddedDatabaseFactory        : Starting embedded database: url='jdbc:h2:mem:fa588f11-0215-426b-9223-01f3c16a6f29;DB_CLOSE_DELAY=-1;DB_CLOSE_ON_EXIT=false', username='sa'
2025-03-09T18:39:22.865-05:00  INFO 30420 --- [app_vircade] [           main] o.hibernate.jpa.internal.util.LogHelper  : HHH000204: Processing PersistenceUnitInfo [name: default]
2025-03-09T18:39:23.028-05:00  INFO 30420 --- [app_vircade] [           main] org.hibernate.Version                    : HHH000412: Hibernate ORM core version 6.6.2.Final
2025-03-09T18:39:23.109-05:00  INFO 30420 --- [app_vircade] [           main] o.h.c.internal.RegionFactoryInitiator    : HHH000026: Second-level cache disabled
2025-03-09T18:39:23.846-05:00  INFO 30420 --- [app_vircade] [           main] o.s.o.j.p.SpringPersistenceUnitInfo      : No LoadTimeWeaver setup: ignoring JPA class transformer
2025-03-09T18:39:24.067-05:00  INFO 30420 --- [app_vircade] [           main] org.hibernate.orm.connections.pooling    : HHH10001005: Database info:
	Database JDBC URL [Connecting through datasource 'org.springframework.jdbc.datasource.embedded.EmbeddedDatabaseFactory$EmbeddedDataSourceProxy@6009cd34']
	Database driver: undefined/unknown
	Database version: 2.3.232
	Autocommit mode: undefined/unknown
	Isolation level: undefined/unknown
	Minimum pool size: undefined/unknown
	Maximum pool size: undefined/unknown
2025-03-09T18:39:26.244-05:00  INFO 30420 --- [app_vircade] [           main] o.h.e.t.j.p.i.JtaPlatformInitiator       : HHH000489: No JTA platform available (set 'hibernate.transaction.jta.platform' to enable JTA platform integration)
Hibernate: 
    create table asesores (
        id_asesor integer generated by default as identity,
        correo_asesor varchar(100) not null,
        p_ape_asesor varchar(20) not null,
        p_nom_asesor varchar(20) not null,
        s_ape_asesor varchar(20),
        s_nom_asesor varchar(20),
        telefono_asesor varchar(255) not null,
        concesionario_asig integer not null,
        primary key (id_asesor)
    )
Hibernate: 
    create table citas (
        id integer generated by default as identity,
        fecha varchar(255) not null,
        hora varchar(255) not null,
        tipo_cita varchar(40) not null,
        asesor integer not null,
        cliente_relacionado varchar(100) not null,
        concesionario_asig integer not null,
        primary key (id)
    )
Hibernate: 
    create table combustibles (
        id_combustible integer generated by default as identity,
        tipo_combustible varchar(20) not null,
        primary key (id_combustible)
    )
Hibernate: 
    create table concesionarios (
        id_concesionario integer generated by default as identity,
        direccion varchar(30) not null,
        concesionario varchar(50) not null,
        disponibilidades integer not null,
        primary key (id_concesionario)
    )
Hibernate: 
    create table disponibilidades (
        id_dispo integer generated by default as identity,
        disponibilidad enum ('NO','SI') not null,
        primary key (id_dispo)
    )
Hibernate: 
    create table roles (
        id_rol integer generated by default as identity,
        nombre_rol varchar(20) not null,
        primary key (id_rol)
    )
Hibernate: 
    create table tipo_vehiculos (
        id_tipo_vehiculo integer generated by default as identity,
        tipo_vehiculo varchar(20) not null,
        primary key (id_tipo_vehiculo)
    )
Hibernate: 
    create table usuarios (
        correo varchar(100) not null,
        contrasena_usu varchar(255) not null,
        numero_telefono varchar(15) not null,
        primer_apellido varchar(50) not null,
        primer_nombre varchar(50) not null,
        segundo_apellido varchar(50),
        segundo_nombre varchar(50),
        rol_id integer not null,
        primary key (correo)
    )
Hibernate: 
    create table vehiculos (
        id_vehiculo integer generated by default as identity,
        cilindraje varchar(10) not null,
        color varchar(10) not null,
        imagen varchar(255) not null,
        linea varchar(20) not null,
        marca_vehiculo varchar(20) not null,
        modelo_vehiculo varchar(40) not null,
        vehiculo varchar(20) not null,
        precio integer not null,
        precio_formateado varchar(255),
        combustible_vehiculo integer not null,
        concesionario integer not null,
        tipo_vehiculo integer not null,
        primary key (id_vehiculo)
    )
Hibernate: 
    alter table if exists asesores 
       add constraint FKpipsl0qle8la5ba30elg3lt18 
       foreign key (concesionario_asig) 
       references concesionarios
Hibernate: 
    alter table if exists citas 
       add constraint FK1ytrd4bbwvu88singuqv2gr7y 
       foreign key (asesor) 
       references asesores
Hibernate: 
    alter table if exists citas 
       add constraint FK3t1miai7a1v7qfn5bnd12yxcn 
       foreign key (cliente_relacionado) 
       references usuarios
Hibernate: 
    alter table if exists citas 
       add constraint FK5a8xn378y8huorgxc3n8u8juh 
       foreign key (concesionario_asig) 
       references concesionarios
Hibernate: 
    alter table if exists concesionarios 
       add constraint FK76cxs21aaqqooo19n4m9wus4s 
       foreign key (disponibilidades) 
       references disponibilidades
Hibernate: 
    alter table if exists usuarios 
       add constraint FKqf5elo4jcq7qrt83oi0qmenjo 
       foreign key (rol_id) 
       references roles
Hibernate: 
    alter table if exists vehiculos 
       add constraint FKt0ead6k43f6lrtd6v9tco3tmv 
       foreign key (combustible_vehiculo) 
       references combustibles
Hibernate: 
    alter table if exists vehiculos 
       add constraint FKs6h1telavihpgor0pkirq1smj 
       foreign key (concesionario) 
       references concesionarios
Hibernate: 
    alter table if exists vehiculos 
       add constraint FK57qcyvnvho0dvriefcc7u7lp1 
       foreign key (tipo_vehiculo) 
       references tipo_vehiculos
2025-03-09T18:39:26.397-05:00  INFO 30420 --- [app_vircade] [           main] j.LocalContainerEntityManagerFactoryBean : Initialized JPA EntityManagerFactory for persistence unit 'default'
2025-03-09T18:39:27.267-05:00  INFO 30420 --- [app_vircade] [           main] c.P.V.repository.VehiculoRepositoryTest  : Started VehiculoRepositoryTest in 7.605 seconds (process running for 9.494)
]]></system-out>
  </testcase>
</testsuite>